Failure to transfer io.github.lukehutch:fast-classpath-scanner:jar:2.18.1 from http://localhost:8081/repository/maven-public/ was cached in the local repository, resolution will not be reattempted until the update interval of central has elapsed or updates are forced. Original error: Could not transfer artifact io.github.lukehutch:fast-classpath-scanner:jar:2.18.1 from/to central (http://localhost:8081/repository/maven-public/): The operation was cancelled.
Failure to transfer it.unimi.dsi:fastutil:jar:8.1.1 from http://localhost:8081/repository/maven-public/ was cached in the local repository, resolution will not be reattempted until the update interval of central has elapsed or updates are forced. Original error: Could not transfer artifact it.unimi.dsi:fastutil:jar:8.1.1 from/to central (http://localhost:8081/repository/maven-public/): The operation was cancelled.
Failure to transfer javax.resource:javax.resource-api:jar:1.7 from http://localhost:8081/repository/maven-public/ was cached in the local repository, resolution will not be reattempted until the update interval of central has elapsed or updates are forced. Original error: Could not transfer artifact javax.resource:javax.resource-api:jar:1.7 from/to central (http://localhost:8081/repository/maven-public/): The operation was cancelled.
Failure to transfer javax.transaction:javax.transaction-api:jar:1.2 from http://localhost:8081/repository/maven-public/ was cached in the local repository, resolution will not be reattempted until the update interval of central has elapsed or updates are forced. Original error: Could not transfer artifact javax.transaction:javax.transaction-api:jar:1.2 from/to central (http://localhost:8081/repository/maven-public/): The operation was cancelled.
Failure to transfer net.java.dev.jna:jna:jar:4.5.1 from http://localhost:8081/repository/maven-public/ was cached in the local repository, resolution will not be reattempted until the update interval of central has elapsed or updates are forced. Original error: Could not transfer artifact net.java.dev.jna:jna:jar:4.5.1 from/to central (http://localhost:8081/repository/maven-public/): The operation was cancelled.
Failure to transfer net.sf.jopt-simple:jopt-simple:jar:5.0.4 from http://localhost:8081/repository/maven-public/ was cached in the local repository, resolution will not be reattempted until the update interval of central has elapsed or updates are forced. Original error: Could not transfer artifact net.sf.jopt-simple:jopt-simple:jar:5.0.4 from/to central (http://localhost:8081/repository/maven-public/): The operation was cancelled.
Failure to transfer org.apache.logging.log4j:log4j-core:jar:2.10.0 from http://localhost:8081/repository/maven-public/ was cached in the local repository, resolution will not be reattempted until the update interval of central has elapsed or updates are forced. Original error: Could not transfer artifact org.apache.logging.log4j:log4j-core:jar:2.10.0 from/to central (http://localhost:8081/repository/maven-public/): The operation was cancelled.
Failure to transfer org.apache.shiro:shiro-cache:jar:1.4.0 from http://localhost:8081/repository/maven-public/ was cached in the local repository, resolution will not be reattempted until the update interval of central has elapsed or updates are forced. Original error: Could not transfer artifact org.apache.shiro:shiro-cache:jar:1.4.0 from/to central (http://localhost:8081/repository/maven-public/): The operation was cancelled.
Failure to transfer org.apache.shiro:shiro-config-core:jar:1.4.0 from http://localhost:8081/repository/maven-public/ was cached in the local repository, resolution will not be reattempted until the update interval of central has elapsed or updates are forced. Original error: Could not transfer artifact org.apache.shiro:shiro-config-core:jar:1.4.0 from/to central (http://localhost:8081/repository/maven-public/): The operation was cancelled.
Failure to transfer org.apache.shiro:shiro-config-ogdl:jar:1.4.0 from http://localhost:8081/repository/maven-public/ was cached in the local repository, resolution will not be reattempted until the update interval of central has elapsed or updates are forced. Original error: Could not transfer artifact org.apache.shiro:shiro-config-ogdl:jar:1.4.0 from/to central (http://localhost:8081/repository/maven-public/): The operation was cancelled.
Failure to transfer org.apache.shiro:shiro-core:jar:1.4.0 from http://localhost:8081/repository/maven-public/ was cached in the local repository, resolution will not be reattempted until the update interval of central has elapsed or updates are forced. Original error: Could not transfer artifact org.apache.shiro:shiro-core:jar:1.4.0 from/to central (http://localhost:8081/repository/maven-public/): The operation was cancelled.
Failure to transfer org.apache.shiro:shiro-crypto-cipher:jar:1.4.0 from http://localhost:8081/repository/maven-public/ was cached in the local repository, resolution will not be reattempted until the update interval of central has elapsed or updates are forced. Original error: Could not transfer artifact org.apache.shiro:shiro-crypto-cipher:jar:1.4.0 from/to central (http://localhost:8081/repository/maven-public/): The operation was cancelled.
Failure to transfer org.apache.shiro:shiro-crypto-core:jar:1.4.0 from http://localhost:8081/repository/maven-public/ was cached in the local repository, resolution will not be reattempted until the update interval of central has elapsed or updates are forced. Original error: Could not transfer artifact org.apache.shiro:shiro-crypto-core:jar:1.4.0 from/to central (http://localhost:8081/repository/maven-public/): The operation was cancelled.
Failure to transfer org.apache.shiro:shiro-crypto-hash:jar:1.4.0 from http://localhost:8081/repository/maven-public/ was cached in the local repository, resolution will not be reattempted until the update interval of central has elapsed or updates are forced. Original error: Could not transfer artifact org.apache.shiro:shiro-crypto-hash:jar:1.4.0 from/to central (http://localhost:8081/repository/maven-public/): The operation was cancelled.
Failure to transfer org.apache.shiro:shiro-event:jar:1.4.0 from http://localhost:8081/repository/maven-public/ was cached in the local repository, resolution will not be reattempted until the update interval of central has elapsed or updates are forced. Original error: Could not transfer artifact org.apache.shiro:shiro-event:jar:1.4.0 from/to central (http://localhost:8081/repository/maven-public/): The operation was cancelled.
Failure to transfer org.apache.shiro:shiro-lang:jar:1.4.0 from http://localhost:8081/repository/maven-public/ was cached in the local repository, resolution will not be reattempted until the update interval of central has elapsed or updates are forced. Original error: Could not transfer artifact org.apache.shiro:shiro-lang:jar:1.4.0 from/to central (http://localhost:8081/repository/maven-public/): The operation was cancelled.
Failure to transfer org.jgroups:jgroups:jar:3.6.14.Final from http://localhost:8081/repository/maven-public/ was cached in the local repository, resolution will not be reattempted until the update interval of central has elapsed or updates are forced. Original error: Could not transfer artifact org.jgroups:jgroups:jar:3.6.14.Final from/to central (http://localhost:8081/repository/maven-public/): The operation was cancelled.
Missing artifact io.github.lukehutch:fast-classpath-scanner:jar:2.18.1	pom.xml	/spring-cloud-0.0.1-SNAPSHOT	line 1	Maven Dependency Problem
Missing artifact it.unimi.dsi:fastutil:jar:8.1.1	pom.xml	/spring-cloud-0.0.1-SNAPSHOT	line 1	Maven Dependency Problem
Missing artifact javax.resource:javax.resource-api:jar:1.7	pom.xml	/spring-cloud-0.0.1-SNAPSHOT	line 1	Maven Dependency Problem
Missing artifact javax.transaction:javax.transaction-api:jar:1.2	pom.xml	/spring-cloud-0.0.1-SNAPSHOT	line 1	Maven Dependency Problem
Missing artifact net.java.dev.jna:jna:jar:4.5.1	pom.xml	/spring-cloud-0.0.1-SNAPSHOT	line 1	Maven Dependency Problem
Missing artifact net.sf.jopt-simple:jopt-simple:jar:5.0.4	pom.xml	/spring-cloud-0.0.1-SNAPSHOT	line 1	Maven Dependency Problem
Missing artifact org.apache.logging.log4j:log4j-core:jar:2.10.0	pom.xml	/spring-cloud-0.0.1-SNAPSHOT	line 1	Maven Dependency Problem
Missing artifact org.apache.shiro:shiro-cache:jar:1.4.0	pom.xml	/spring-cloud-0.0.1-SNAPSHOT	line 1	Maven Dependency Problem
Missing artifact org.apache.shiro:shiro-config-core:jar:1.4.0	pom.xml	/spring-cloud-0.0.1-SNAPSHOT	line 1	Maven Dependency Problem
Missing artifact org.apache.shiro:shiro-config-ogdl:jar:1.4.0	pom.xml	/spring-cloud-0.0.1-SNAPSHOT	line 1	Maven Dependency Problem
Missing artifact org.apache.shiro:shiro-core:jar:1.4.0	pom.xml	/spring-cloud-0.0.1-SNAPSHOT	line 1	Maven Dependency Problem
Missing artifact org.apache.shiro:shiro-crypto-cipher:jar:1.4.0	pom.xml	/spring-cloud-0.0.1-SNAPSHOT	line 1	Maven Dependency Problem
Missing artifact org.apache.shiro:shiro-crypto-core:jar:1.4.0	pom.xml	/spring-cloud-0.0.1-SNAPSHOT	line 1	Maven Dependency Problem
Missing artifact org.apache.shiro:shiro-crypto-hash:jar:1.4.0	pom.xml	/spring-cloud-0.0.1-SNAPSHOT	line 1	Maven Dependency Problem
Missing artifact org.apache.shiro:shiro-event:jar:1.4.0	pom.xml	/spring-cloud-0.0.1-SNAPSHOT	line 1	Maven Dependency Problem
Missing artifact org.apache.shiro:shiro-lang:jar:1.4.0	pom.xml	/spring-cloud-0.0.1-SNAPSHOT	line 1	Maven Dependency Problem
Missing artifact org.jgroups:jgroups:jar:3.6.14.Final	pom.xml	/spring-cloud-0.0.1-SNAPSHOT	line 1	Maven Dependency Problem
